<?xml version="1.0" encoding="UTF-8"?>
<testng-results skipped="0" failed="0" total="2" passed="2">
  <reporter-output>
  </reporter-output>
  <suite name="suite1" duration-ms="21771" started-at="2017-04-14T05:32:23Z" finished-at="2017-04-14T05:32:45Z">
    <groups>
    </groups>
    <test name="test1" duration-ms="21771" started-at="2017-04-14T05:32:23Z" finished-at="2017-04-14T05:32:45Z">
      <class name="Test.TestNG4">
        <test-method status="PASS" signature="beforeTest()[pri:0, instance:Test.TestNG4@e5a606]" name="beforeTest" is-config="true" duration-ms="12940" started-at="2017-04-14T13:32:23Z" finished-at="2017-04-14T13:32:36Z">
          <reporter-output>
          </reporter-output>
        </test-method> <!-- beforeTest -->
        <test-method status="PASS" signature="beforeMethod()[pri:0, instance:Test.TestNG4@e5a606]" name="beforeMethod" is-config="true" duration-ms="0" started-at="2017-04-14T13:32:36Z" finished-at="2017-04-14T13:32:36Z">
          <reporter-output>
          </reporter-output>
        </test-method> <!-- beforeMethod -->
        <test-method status="PASS" signature="f(java.util.List, java.util.List)[pri:0, instance:Test.TestNG4@e5a606]" name="f" duration-ms="2745" started-at="2017-04-14T13:32:36Z" data-provider="dp" finished-at="2017-04-14T13:32:39Z">
          <params>
            <param index="0">
              <value>
                <![CDATA[[All, Pending Approval, Approved, Completed, Rejected]]]>
              </value>
            </param>
            <param index="1">
              <value>
                <![CDATA[[2017-P1, 2017-P2, 2017-P3, 2017-P4, 2017-P5, 2017-P6, 2017-P7, 2017-P8, 2017-P9, 2017-P10, 2017-P11, 2017-P12, 2017-P13]]]>
              </value>
            </param>
          </params>
          <reporter-output>
          </reporter-output>
        </test-method> <!-- f -->
        <test-method status="PASS" signature="afterMethod()[pri:0, instance:Test.TestNG4@e5a606]" name="afterMethod" is-config="true" duration-ms="0" started-at="2017-04-14T13:32:39Z" finished-at="2017-04-14T13:32:39Z">
          <reporter-output>
          </reporter-output>
        </test-method> <!-- afterMethod -->
        <test-method status="PASS" signature="f2(java.util.List, java.util.List)[pri:0, instance:Test.TestNG4@e5a606]" name="f2" duration-ms="6059" started-at="2017-04-14T13:32:39Z" data-provider="dp" finished-at="2017-04-14T13:32:45Z">
          <params>
            <param index="0">
              <value>
                <![CDATA[[All, Pending Approval, Approved, Completed, Rejected]]]>
              </value>
            </param>
            <param index="1">
              <value>
                <![CDATA[[2017-P1, 2017-P2, 2017-P3, 2017-P4, 2017-P5, 2017-P6, 2017-P7, 2017-P8, 2017-P9, 2017-P10, 2017-P11, 2017-P12, 2017-P13]]]>
              </value>
            </param>
          </params>
          <reporter-output>
          </reporter-output>
        </test-method> <!-- f2 -->
        <test-method status="PASS" signature="beforeMethod()[pri:0, instance:Test.TestNG4@e5a606]" name="beforeMethod" is-config="true" duration-ms="0" started-at="2017-04-14T13:32:39Z" finished-at="2017-04-14T13:32:39Z">
          <reporter-output>
          </reporter-output>
        </test-method> <!-- beforeMethod -->
        <test-method status="PASS" signature="afterMethod()[pri:0, instance:Test.TestNG4@e5a606]" name="afterMethod" is-config="true" duration-ms="0" started-at="2017-04-14T13:32:45Z" finished-at="2017-04-14T13:32:45Z">
          <reporter-output>
          </reporter-output>
        </test-method> <!-- afterMethod -->
        <test-method status="PASS" signature="afterTest()[pri:0, instance:Test.TestNG4@e5a606]" name="afterTest" is-config="true" duration-ms="0" started-at="2017-04-14T13:32:45Z" finished-at="2017-04-14T13:32:45Z">
          <reporter-output>
          </reporter-output>
        </test-method> <!-- afterTest -->
      </class> <!-- Test.TestNG4 -->
    </test> <!-- test1 -->
  </suite> <!-- suite1 -->
</testng-results>
